============================================================
   Tang Dynasty, V5.6.71036
      Copyright (c) 2012-2023 Anlogic Inc.
   Executable = D:/TD/bin/td.exe
   Built at =   20:34:38 Mar 21 2023
   Run by =     32863
   Run Date =   Sun Jul 14 17:36:28 2024

   Run on =     SUPERIOR-LEGION
============================================================
RUN-001 : GUI based run...
RUN-1002 : start command "open_project Sobel_ctrl.al -update"
RUN-8001 ERROR: ../rtl/Sobel_ctrl/Sobel_top/demosaic_top.v: Can't find this file.
RUN-8001 ERROR: ../rtl/Sobel_ctrl/sobel_interpolation/sobel_interpolation.v: Can't find this file.
RUN-8001 ERROR: ../rtl/Sobel_ctrl/sobel_linebuffer/hsyncfifo_2048x8.v: Can't find this file.
RUN-8001 ERROR: ../rtl/Sobel_ctrl/sobel_linebuffer/hsyncfifo_ahead2048x8.v: Can't find this file.
RUN-8001 ERROR: ../rtl/Sobel_ctrl/sobel_linebuffer/sobel_linebuffer.v: Can't find this file.
RUN-8001 ERROR: ../rtl/Sobel_ctrl/sobel_position_calculate/sobel_position_calculate.v: Can't find this file.
RUN-8001 ERROR: ../rtl/Sobel_ctrl/Sobel_top/sobel_ctrl.sv: Can't find this file.
RUN-8001 ERROR: ../rtl/Sobel_ctrl/sobel_regarray/sobel_regarray.sv: Can't find this file.
RUN-1001 : Print Global Property
RUN-1001 : ---------------------------------------------------------------
RUN-1001 :        Parameters        |  Settings  |  Default Values  |  Note  
RUN-1001 : ---------------------------------------------------------------
RUN-1001 :          message         |  standard  |     standard     |        
RUN-1001 :   mixed_pack_place_flow  |     on     |        on        |        
RUN-1001 :        qor_monitor       |    off     |       off        |        
RUN-1001 :        syn_ip_flow       |    off     |       off        |        
RUN-1001 :          thread          |    auto    |       auto       |        
RUN-1001 : ---------------------------------------------------------------
RUN-1001 : Print Design Property
RUN-1001 : --------------------------------------------------------------
RUN-1001 :        Parameters       |  Settings  |  Default Values  |  Note  
RUN-1001 : --------------------------------------------------------------
RUN-1001 :   default_reg_initial   |    auto    |       auto       |        
RUN-1001 :        infer_add        |     on     |        on        |        
RUN-1001 :        infer_fsm        |    off     |       off        |        
RUN-1001 :        infer_mult       |     on     |        on        |        
RUN-1001 :        infer_ram        |     on     |        on        |        
RUN-1001 :        infer_reg        |     on     |        on        |        
RUN-1001 :   infer_reg_init_value  |     on     |        on        |        
RUN-1001 :        infer_rom        |     on     |        on        |        
RUN-1001 :      infer_shifter      |     on     |        on        |        
RUN-1001 : --------------------------------------------------------------
RUN-1001 : Print Rtl Property
RUN-1001 : --------------------------------------------------------------
RUN-1001 :        Parameters       |  Settings  |  Default Values  |  Note  
RUN-1001 : --------------------------------------------------------------
RUN-1001 :       compress_add      |   ripple   |      ripple      |        
RUN-1001 :        elf_sload        |    off     |       off        |        
RUN-1001 :       fix_undriven      |     0      |        0         |        
RUN-1001 :         flatten         |    off     |       off        |        
RUN-1001 :       gate_sharing      |     on     |        on        |        
RUN-1001 :    hdl_warning_level    |   normal   |      normal      |        
RUN-1001 :   impl_internal_tribuf  |     on     |        on        |        
RUN-1001 :      impl_set_reset     |     on     |        on        |        
RUN-1001 :        infer_gsr        |    off     |       off        |        
RUN-1001 :      keep_hierarchy     |    auto    |       auto       |        
RUN-1001 :        max_fanout       |    9999    |       9999       |        
RUN-1001 :      max_oh2bin_len     |     10     |        10        |        
RUN-1001 :       merge_equal       |     on     |        on        |        
RUN-1001 :       merge_equiv       |     on     |        on        |        
RUN-1001 :        merge_mux        |    off     |       off        |        
RUN-1001 :     min_control_set     |     8      |        8         |        
RUN-1001 :      min_ripple_len     |    auto    |       auto       |        
RUN-1001 :       oh2bin_ratio      |    0.08    |       0.08       |        
RUN-1001 :     opt_adder_fanout    |     on     |        on        |        
RUN-1001 :        opt_arith        |     on     |        on        |        
RUN-1001 :       opt_big_gate      |    off     |       off        |        
RUN-1001 :        opt_const        |     on     |        on        |        
RUN-1001 :      opt_const_mult     |     on     |        on        |        
RUN-1001 :       opt_lessthan      |     on     |        on        |        
RUN-1001 :         opt_mux         |    off     |       off        |        
RUN-1001 :         opt_ram         |    high    |       high       |        
RUN-1001 :      rtl_sim_model      |    off     |       off        |        
RUN-1001 :         seq_syn         |     on     |        on        |        
RUN-1001 : --------------------------------------------------------------
HDL-1007 : analyze verilog file al_ip/hsyncfifo_2048x8.v
RUN-1001 : Project manager successfully analyzed 1 source files.
RUN-8019 ERROR: Project manager, failed to analyze source file.
RUN-1003 : finish command "open_project Sobel_ctrl.al -update" in  21.530297s wall, 0.031250s user + 0.109375s system = 0.140625s CPU (0.7%)

RUN-1004 : used memory is 116 MB, reserved memory is 74 MB, peak memory is 117 MB
RUN-1002 : start command "import_device eagle_s20.db -package EG4D20EG176"
ARC-1001 : Device Initialization.
ARC-1001 : ----------------------------------------------------------------------
ARC-1001 :            OPTION            |            IO            |   SETTING   
ARC-1001 : ----------------------------------------------------------------------
ARC-1001 :   cso_b/cclk/mosi/miso/dout  |  P140/P168/P166/P165/S5  |    gpio    
ARC-1001 :             done             |           P10            |    gpio    
ARC-1001 :           program_b          |           P134           |  dedicate  
ARC-1001 :        tdi/tms/tck/tdo       |     P46/P44/P47/P43      |  dedicate  
ARC-1001 : ----------------------------------------------------------------------
ARC-1004 : Device setting, marked 5 dedicate IOs in total.
