============================================================
   Tang Dynasty, V5.6.71036
      Copyright (c) 2012-2023 Anlogic Inc.
   Executable = E:/Anlogic/TD5.6.2/bin/td.exe
   Built at =   20:34:38 Mar 21 2023
   Run by =     10373
   Run Date =   Thu Jul 11 22:19:23 2024

   Run on =     LAPTOP-6R8AHER8
============================================================
ARC-1001 : Device Initialization.
ARC-1001 : ----------------------------------------------------------------------
ARC-1001 :            OPTION            |            IO            |   SETTING   
ARC-1001 : ----------------------------------------------------------------------
ARC-1001 :   cso_b/cclk/mosi/miso/dout  |  P140/P168/P166/P165/S5  |    gpio    
ARC-1001 :             done             |           P10            |    gpio    
ARC-1001 :           program_b          |           P134           |  dedicate  
ARC-1001 :        tdi/tms/tck/tdo       |     P46/P44/P47/P43      |  dedicate  
ARC-1001 : ----------------------------------------------------------------------
ARC-1004 : Device setting, marked 5 dedicate IOs in total.
RUN-1001 : Print Global Property
RUN-1001 : ---------------------------------------------------------------
RUN-1001 :        Parameters        |  Settings  |  Default Values  |  Note  
RUN-1001 : ---------------------------------------------------------------
RUN-1001 :          message         |  standard  |     standard     |        
RUN-1001 :   mixed_pack_place_flow  |     on     |        on        |        
RUN-1001 :        qor_monitor       |    off     |       off        |        
RUN-1001 :        syn_ip_flow       |    off     |       off        |        
RUN-1001 :          thread          |    auto    |       auto       |        
RUN-1001 : ---------------------------------------------------------------
RUN-1001 : Print Design Property
RUN-1001 : --------------------------------------------------------------
RUN-1001 :        Parameters       |  Settings  |  Default Values  |  Note  
RUN-1001 : --------------------------------------------------------------
RUN-1001 :   default_reg_initial   |    auto    |       auto       |        
RUN-1001 :        infer_add        |     on     |        on        |        
RUN-1001 :        infer_fsm        |    off     |       off        |        
RUN-1001 :        infer_mult       |     on     |        on        |        
RUN-1001 :        infer_ram        |     on     |        on        |        
RUN-1001 :        infer_reg        |     on     |        on        |        
RUN-1001 :   infer_reg_init_value  |     on     |        on        |        
RUN-1001 :        infer_rom        |     on     |        on        |        
RUN-1001 :      infer_shifter      |     on     |        on        |        
RUN-1001 : --------------------------------------------------------------
RUN-1001 : Print Rtl Property
RUN-1001 : --------------------------------------------------------------
RUN-1001 :        Parameters       |  Settings  |  Default Values  |  Note  
RUN-1001 : --------------------------------------------------------------
RUN-1001 :       compress_add      |   ripple   |      ripple      |        
RUN-1001 :        elf_sload        |    off     |       off        |        
RUN-1001 :       fix_undriven      |     0      |        0         |        
RUN-1001 :         flatten         |    off     |       off        |        
RUN-1001 :       gate_sharing      |     on     |        on        |        
RUN-1001 :    hdl_warning_level    |   normal   |      normal      |        
RUN-1001 :   impl_internal_tribuf  |     on     |        on        |        
RUN-1001 :      impl_set_reset     |     on     |        on        |        
RUN-1001 :        infer_gsr        |    off     |       off        |        
RUN-1001 :      keep_hierarchy     |    auto    |       auto       |        
RUN-1001 :        max_fanout       |    9999    |       9999       |        
RUN-1001 :      max_oh2bin_len     |     10     |        10        |        
RUN-1001 :       merge_equal       |     on     |        on        |        
RUN-1001 :       merge_equiv       |     on     |        on        |        
RUN-1001 :        merge_mux        |    off     |       off        |        
RUN-1001 :     min_control_set     |     8      |        8         |        
RUN-1001 :      min_ripple_len     |    auto    |       auto       |        
RUN-1001 :       oh2bin_ratio      |    0.08    |       0.08       |        
RUN-1001 :     opt_adder_fanout    |     on     |        on        |        
RUN-1001 :        opt_arith        |     on     |        on        |        
RUN-1001 :       opt_big_gate      |    off     |       off        |        
RUN-1001 :        opt_const        |     on     |        on        |        
RUN-1001 :      opt_const_mult     |     on     |        on        |        
RUN-1001 :       opt_lessthan      |     on     |        on        |        
RUN-1001 :         opt_mux         |    off     |       off        |        
RUN-1001 :         opt_ram         |    high    |       high       |        
RUN-1001 :      rtl_sim_model      |    off     |       off        |        
RUN-1001 :         seq_syn         |     on     |        on        |        
RUN-1001 : --------------------------------------------------------------
HDL-1007 : analyze verilog file al_ip/hsyncfifo_2048x8.v
RUN-1001 : Print Global Property
RUN-1001 : ---------------------------------------------------------------
RUN-1001 :        Parameters        |  Settings  |  Default Values  |  Note  
RUN-1001 : ---------------------------------------------------------------
RUN-1001 :          message         |  standard  |     standard     |        
RUN-1001 :   mixed_pack_place_flow  |     on     |        on        |        
RUN-1001 :        qor_monitor       |    off     |       off        |        
RUN-1001 :        syn_ip_flow       |    off     |       off        |        
RUN-1001 :          thread          |    auto    |       auto       |        
RUN-1001 : ---------------------------------------------------------------
RUN-1001 : Print Design Property
RUN-1001 : --------------------------------------------------------------
RUN-1001 :        Parameters       |  Settings  |  Default Values  |  Note  
RUN-1001 : --------------------------------------------------------------
RUN-1001 :   default_reg_initial   |    auto    |       auto       |        
RUN-1001 :        infer_add        |     on     |        on        |        
RUN-1001 :        infer_fsm        |    off     |       off        |        
RUN-1001 :        infer_mult       |     on     |        on        |        
RUN-1001 :        infer_ram        |     on     |        on        |        
RUN-1001 :        infer_reg        |     on     |        on        |        
RUN-1001 :   infer_reg_init_value  |     on     |        on        |        
RUN-1001 :        infer_rom        |     on     |        on        |        
RUN-1001 :      infer_shifter      |     on     |        on        |        
RUN-1001 : --------------------------------------------------------------
RUN-1001 : Print Rtl Property
RUN-1001 : --------------------------------------------------------------
RUN-1001 :        Parameters       |  Settings  |  Default Values  |  Note  
RUN-1001 : --------------------------------------------------------------
RUN-1001 :       compress_add      |   ripple   |      ripple      |        
RUN-1001 :        elf_sload        |    off     |       off        |        
RUN-1001 :       fix_undriven      |     0      |        0         |        
RUN-1001 :         flatten         |    off     |       off        |        
RUN-1001 :       gate_sharing      |     on     |        on        |        
RUN-1001 :    hdl_warning_level    |   normal   |      normal      |        
RUN-1001 :   impl_internal_tribuf  |     on     |        on        |        
RUN-1001 :      impl_set_reset     |     on     |        on        |        
RUN-1001 :        infer_gsr        |    off     |       off        |        
RUN-1001 :      keep_hierarchy     |    auto    |       auto       |        
RUN-1001 :        max_fanout       |    9999    |       9999       |        
RUN-1001 :      max_oh2bin_len     |     10     |        10        |        
RUN-1001 :       merge_equal       |     on     |        on        |        
RUN-1001 :       merge_equiv       |     on     |        on        |        
RUN-1001 :        merge_mux        |    off     |       off        |        
RUN-1001 :     min_control_set     |     8      |        8         |        
RUN-1001 :      min_ripple_len     |    auto    |       auto       |        
RUN-1001 :       oh2bin_ratio      |    0.08    |       0.08       |        
RUN-1001 :     opt_adder_fanout    |     on     |        on        |        
RUN-1001 :        opt_arith        |     on     |        on        |        
RUN-1001 :       opt_big_gate      |    off     |       off        |        
RUN-1001 :        opt_const        |     on     |        on        |        
RUN-1001 :      opt_const_mult     |     on     |        on        |        
RUN-1001 :       opt_lessthan      |     on     |        on        |        
RUN-1001 :         opt_mux         |    off     |       off        |        
RUN-1001 :         opt_ram         |    high    |       high       |        
RUN-1001 :      rtl_sim_model      |    off     |       off        |        
RUN-1001 :         seq_syn         |     on     |        on        |        
RUN-1001 : --------------------------------------------------------------
HDL-1007 : analyze verilog file ../rtl/Sobel_ctrl/Sobel_top/demosaic_top.v
HDL-1007 : undeclared symbol 'fifo_not_full', assumed default net type 'wire' in ../rtl/Sobel_ctrl/Sobel_top/demosaic_top.v(27)
HDL-1007 : analyze verilog file ../rtl/Sobel_ctrl/Sobel_top/sobel_ctrl.sv
HDL-1007 : undeclared symbol 'fifo_not_full', assumed default net type 'wire' in ../rtl/Sobel_ctrl/Sobel_top/sobel_ctrl.sv(32)
HDL-1007 : undeclared symbol 'fifo_dout', assumed default net type 'wire' in ../rtl/Sobel_ctrl/Sobel_top/sobel_ctrl.sv(92)
HDL-1007 : undeclared symbol 'fifo_not_empty', assumed default net type 'wire' in ../rtl/Sobel_ctrl/Sobel_top/sobel_ctrl.sv(100)
HDL-1007 : undeclared symbol 'fifo_ren', assumed default net type 'wire' in ../rtl/Sobel_ctrl/Sobel_top/sobel_ctrl.sv(101)
HDL-1007 : analyze verilog file ../rtl/Sobel_ctrl/sobel_interpolation/sobel_interpolation.v
HDL-1007 : analyze verilog file ../rtl/Sobel_ctrl/sobel_linebuffer/hsyncfifo_2048x8.v
HDL-5007 WARNING: overwrite current module 'hsyncfifo_2048x8' in ../rtl/Sobel_ctrl/sobel_linebuffer/hsyncfifo_2048x8.v(26)
HDL-1007 : previous definition of design element 'hsyncfifo_2048x8' is here in al_ip/hsyncfifo_2048x8.v(26)
HDL-5007 WARNING: overwrite current module 'ram_infer_hsyncfifo_2048x8' in ../rtl/Sobel_ctrl/sobel_linebuffer/hsyncfifo_2048x8.v(270)
HDL-1007 : previous definition of design element 'ram_infer_hsyncfifo_2048x8' is here in al_ip/hsyncfifo_2048x8.v(270)
HDL-1007 : analyze verilog file ../rtl/Sobel_ctrl/sobel_linebuffer/hsyncfifo_ahead2048x8.v
HDL-1007 : analyze verilog file ../rtl/Sobel_ctrl/sobel_linebuffer/sobel_linebuffer.v
HDL-1007 : analyze verilog file ../rtl/Sobel_ctrl/sobel_position_calculate/sobel_position_calculate.v
HDL-1007 : analyze verilog file ../rtl/Sobel_ctrl/sobel_regarray/sobel_regarray.sv
HDL-8007 ERROR: cannot find port 'do' on this module in ../rtl/Sobel_ctrl/sobel_linebuffer/hsyncfifo_ahead2048x8.v(39)
HDL-8007 ERROR: cannot find port 'afull_flag' on this module in ../rtl/Sobel_ctrl/sobel_linebuffer/hsyncfifo_ahead2048x8.v(42)
GUI-5005 WARNING: Unknown file icon ...
GUI-5005 WARNING: Unknown file icon ...
RUN-1001 : Print Global Property
RUN-1001 : ---------------------------------------------------------------
RUN-1001 :        Parameters        |  Settings  |  Default Values  |  Note  
RUN-1001 : ---------------------------------------------------------------
RUN-1001 :          message         |  standard  |     standard     |        
RUN-1001 :   mixed_pack_place_flow  |     on     |        on        |        
RUN-1001 :        qor_monitor       |    off     |       off        |        
RUN-1001 :        syn_ip_flow       |    off     |       off        |        
RUN-1001 :          thread          |    auto    |       auto       |        
RUN-1001 : ---------------------------------------------------------------
RUN-1001 : Print Design Property
RUN-1001 : --------------------------------------------------------------
RUN-1001 :        Parameters       |  Settings  |  Default Values  |  Note  
RUN-1001 : --------------------------------------------------------------
RUN-1001 :   default_reg_initial   |    auto    |       auto       |        
RUN-1001 :        infer_add        |     on     |        on        |        
RUN-1001 :        infer_fsm        |    off     |       off        |        
RUN-1001 :        infer_mult       |     on     |        on        |        
RUN-1001 :        infer_ram        |     on     |        on        |        
RUN-1001 :        infer_reg        |     on     |        on        |        
RUN-1001 :   infer_reg_init_value  |     on     |        on        |        
RUN-1001 :        infer_rom        |     on     |        on        |        
RUN-1001 :      infer_shifter      |     on     |        on        |        
RUN-1001 : --------------------------------------------------------------
RUN-1001 : Print Rtl Property
RUN-1001 : --------------------------------------------------------------
RUN-1001 :        Parameters       |  Settings  |  Default Values  |  Note  
RUN-1001 : --------------------------------------------------------------
RUN-1001 :       compress_add      |   ripple   |      ripple      |        
RUN-1001 :        elf_sload        |    off     |       off        |        
RUN-1001 :       fix_undriven      |     0      |        0         |        
RUN-1001 :         flatten         |    off     |       off        |        
RUN-1001 :       gate_sharing      |     on     |        on        |        
RUN-1001 :    hdl_warning_level    |   normal   |      normal      |        
RUN-1001 :   impl_internal_tribuf  |     on     |        on        |        
RUN-1001 :      impl_set_reset     |     on     |        on        |        
RUN-1001 :        infer_gsr        |    off     |       off        |        
RUN-1001 :      keep_hierarchy     |    auto    |       auto       |        
RUN-1001 :        max_fanout       |    9999    |       9999       |        
RUN-1001 :      max_oh2bin_len     |     10     |        10        |        
RUN-1001 :       merge_equal       |     on     |        on        |        
RUN-1001 :       merge_equiv       |     on     |        on        |        
RUN-1001 :        merge_mux        |    off     |       off        |        
RUN-1001 :     min_control_set     |     8      |        8         |        
RUN-1001 :      min_ripple_len     |    auto    |       auto       |        
RUN-1001 :       oh2bin_ratio      |    0.08    |       0.08       |        
RUN-1001 :     opt_adder_fanout    |     on     |        on        |        
RUN-1001 :        opt_arith        |     on     |        on        |        
RUN-1001 :       opt_big_gate      |    off     |       off        |        
RUN-1001 :        opt_const        |     on     |        on        |        
RUN-1001 :      opt_const_mult     |     on     |        on        |        
RUN-1001 :       opt_lessthan      |     on     |        on        |        
RUN-1001 :         opt_mux         |    off     |       off        |        
RUN-1001 :         opt_ram         |    high    |       high       |        
RUN-1001 :      rtl_sim_model      |    off     |       off        |        
RUN-1001 :         seq_syn         |     on     |        on        |        
RUN-1001 : --------------------------------------------------------------
HDL-1007 : analyze verilog file al_ip/hsyncfifo_2048x8.v
HDL-1007 : analyze verilog file ../rtl/Sobel_ctrl/Sobel_top/demosaic_top.v
HDL-1007 : undeclared symbol 'fifo_not_full', assumed default net type 'wire' in ../rtl/Sobel_ctrl/Sobel_top/demosaic_top.v(27)
HDL-1007 : analyze verilog file ../rtl/Sobel_ctrl/Sobel_top/sobel_ctrl.sv
HDL-1007 : undeclared symbol 'fifo_not_full', assumed default net type 'wire' in ../rtl/Sobel_ctrl/Sobel_top/sobel_ctrl.sv(32)
HDL-1007 : undeclared symbol 'fifo_dout', assumed default net type 'wire' in ../rtl/Sobel_ctrl/Sobel_top/sobel_ctrl.sv(92)
HDL-1007 : undeclared symbol 'fifo_not_empty', assumed default net type 'wire' in ../rtl/Sobel_ctrl/Sobel_top/sobel_ctrl.sv(100)
HDL-1007 : undeclared symbol 'fifo_ren', assumed default net type 'wire' in ../rtl/Sobel_ctrl/Sobel_top/sobel_ctrl.sv(101)
HDL-1007 : analyze verilog file ../rtl/Sobel_ctrl/sobel_interpolation/sobel_interpolation.v
HDL-1007 : analyze verilog file ../rtl/Sobel_ctrl/sobel_linebuffer/hsyncfifo_2048x8.v
HDL-5007 WARNING: overwrite current module 'hsyncfifo_2048x8' in ../rtl/Sobel_ctrl/sobel_linebuffer/hsyncfifo_2048x8.v(26)
HDL-1007 : previous definition of design element 'hsyncfifo_2048x8' is here in al_ip/hsyncfifo_2048x8.v(26)
HDL-5007 WARNING: overwrite current module 'ram_infer_hsyncfifo_2048x8' in ../rtl/Sobel_ctrl/sobel_linebuffer/hsyncfifo_2048x8.v(270)
HDL-1007 : previous definition of design element 'ram_infer_hsyncfifo_2048x8' is here in al_ip/hsyncfifo_2048x8.v(270)
HDL-1007 : analyze verilog file ../rtl/Sobel_ctrl/sobel_linebuffer/hsyncfifo_ahead2048x8.v
HDL-1007 : analyze verilog file ../rtl/Sobel_ctrl/sobel_linebuffer/sobel_linebuffer.v
HDL-1007 : analyze verilog file ../rtl/Sobel_ctrl/sobel_position_calculate/sobel_position_calculate.v
HDL-1007 : analyze verilog file ../rtl/Sobel_ctrl/sobel_regarray/sobel_regarray.sv
HDL-8007 ERROR: cannot find port 'do' on this module in ../rtl/Sobel_ctrl/sobel_linebuffer/hsyncfifo_ahead2048x8.v(39)
HDL-8007 ERROR: cannot find port 'afull_flag' on this module in ../rtl/Sobel_ctrl/sobel_linebuffer/hsyncfifo_ahead2048x8.v(42)
RUN-1001 : launch_runs syn_1 phy_1  -jobs 6.
RUN-1001 : syn_1: run complete.
RUN-1001 : phy_1: run complete.
RUN-1001 : open_run phy_1.
RUN-1002 : start command "import_db E:/EXU/Sobel/td/Sobel_ctrl_Runs/phy_1/Sobel_ctrl_pr.db"
RUN-1001 : Importing database generated by Tang Dynasty, V5.6.71036.
RUN-1001 : Database version number 46146.
RUN-1001 : Import flow parameters
PHY-1001 : Generate detailed routing grids ...
PHY-1001 : Generate nets ...
PHY-1001 : net clk_dup_2 will be routed on clock mesh
PHY-1001 : eco open net = 0
PHY-1001 : 0 feed throughs used by 0 nets
RUN-1001 : Import IO constraints
RUN-1001 : Import Inst constraints
RUN-1001 : Import design success TD_VERSION=5.6.71036 , DB_VERSION=46146
RUN-1003 : finish command "import_db E:/EXU/Sobel/td/Sobel_ctrl_Runs/phy_1/Sobel_ctrl_pr.db" in  3.576768s wall, 3.421875s user + 0.062500s system = 3.484375s CPU (97.4%)

RUN-1004 : used memory is 473 MB, reserved memory is 470 MB, peak memory is 503 MB
RUN-1001 : Print Global Property
RUN-1001 : ---------------------------------------------------------------
RUN-1001 :        Parameters        |  Settings  |  Default Values  |  Note  
RUN-1001 : ---------------------------------------------------------------
RUN-1001 :          message         |  standard  |     standard     |        
RUN-1001 :   mixed_pack_place_flow  |     on     |        on        |        
RUN-1001 :        qor_monitor       |    off     |       off        |        
RUN-1001 :        syn_ip_flow       |    off     |       off        |        
RUN-1001 :          thread          |    auto    |       auto       |        
RUN-1001 : ---------------------------------------------------------------
RUN-1001 : Print Design Property
RUN-1001 : --------------------------------------------------------------
RUN-1001 :        Parameters       |  Settings  |  Default Values  |  Note  
RUN-1001 : --------------------------------------------------------------
RUN-1001 :   default_reg_initial   |    auto    |       auto       |        
RUN-1001 :        infer_add        |     on     |        on        |        
RUN-1001 :        infer_fsm        |    off     |       off        |        
RUN-1001 :        infer_mult       |     on     |        on        |        
RUN-1001 :        infer_ram        |     on     |        on        |        
RUN-1001 :        infer_reg        |     on     |        on        |        
RUN-1001 :   infer_reg_init_value  |     on     |        on        |        
RUN-1001 :        infer_rom        |     on     |        on        |        
RUN-1001 :      infer_shifter      |     on     |        on        |        
RUN-1001 : --------------------------------------------------------------
RUN-1001 : Print Rtl Property
RUN-1001 : --------------------------------------------------------------
RUN-1001 :        Parameters       |  Settings  |  Default Values  |  Note  
RUN-1001 : --------------------------------------------------------------
RUN-1001 :       compress_add      |   ripple   |      ripple      |        
RUN-1001 :        elf_sload        |    off     |       off        |        
RUN-1001 :       fix_undriven      |     0      |        0         |        
RUN-1001 :         flatten         |    off     |       off        |        
RUN-1001 :       gate_sharing      |     on     |        on        |        
RUN-1001 :    hdl_warning_level    |   normal   |      normal      |        
RUN-1001 :   impl_internal_tribuf  |     on     |        on        |        
RUN-1001 :      impl_set_reset     |     on     |        on        |        
RUN-1001 :        infer_gsr        |    off     |       off        |        
RUN-1001 :      keep_hierarchy     |    auto    |       auto       |        
RUN-1001 :        max_fanout       |    9999    |       9999       |        
RUN-1001 :      max_oh2bin_len     |     10     |        10        |        
RUN-1001 :       merge_equal       |     on     |        on        |        
RUN-1001 :       merge_equiv       |     on     |        on        |        
RUN-1001 :        merge_mux        |    off     |       off        |        
RUN-1001 :     min_control_set     |     8      |        8         |        
RUN-1001 :      min_ripple_len     |    auto    |       auto       |        
RUN-1001 :       oh2bin_ratio      |    0.08    |       0.08       |        
RUN-1001 :     opt_adder_fanout    |     on     |        on        |        
RUN-1001 :        opt_arith        |     on     |        on        |        
RUN-1001 :       opt_big_gate      |    off     |       off        |        
RUN-1001 :        opt_const        |     on     |        on        |        
RUN-1001 :      opt_const_mult     |     on     |        on        |        
RUN-1001 :       opt_lessthan      |     on     |        on        |        
RUN-1001 :         opt_mux         |    off     |       off        |        
RUN-1001 :         opt_ram         |    high    |       high       |        
RUN-1001 :      rtl_sim_model      |    off     |       off        |        
RUN-1001 :         seq_syn         |     on     |        on        |        
RUN-1001 : --------------------------------------------------------------
HDL-1007 : analyze verilog file al_ip/hsyncfifo_2048x8.v
HDL-1007 : analyze verilog file ../rtl/Sobel_ctrl/Sobel_top/demosaic_top.v
HDL-1007 : undeclared symbol 'fifo_not_full', assumed default net type 'wire' in ../rtl/Sobel_ctrl/Sobel_top/demosaic_top.v(27)
HDL-1007 : analyze verilog file ../rtl/Sobel_ctrl/Sobel_top/sobel_ctrl.sv
HDL-1007 : undeclared symbol 'fifo_not_full', assumed default net type 'wire' in ../rtl/Sobel_ctrl/Sobel_top/sobel_ctrl.sv(32)
HDL-1007 : undeclared symbol 'fifo_dout', assumed default net type 'wire' in ../rtl/Sobel_ctrl/Sobel_top/sobel_ctrl.sv(92)
HDL-1007 : undeclared symbol 'fifo_not_empty', assumed default net type 'wire' in ../rtl/Sobel_ctrl/Sobel_top/sobel_ctrl.sv(100)
HDL-1007 : undeclared symbol 'fifo_ren', assumed default net type 'wire' in ../rtl/Sobel_ctrl/Sobel_top/sobel_ctrl.sv(101)
HDL-1007 : analyze verilog file ../rtl/Sobel_ctrl/sobel_interpolation/sobel_interpolation.v
HDL-1007 : analyze verilog file ../rtl/Sobel_ctrl/sobel_linebuffer/hsyncfifo_2048x8.v
HDL-5007 WARNING: overwrite current module 'hsyncfifo_2048x8' in ../rtl/Sobel_ctrl/sobel_linebuffer/hsyncfifo_2048x8.v(26)
HDL-1007 : previous definition of design element 'hsyncfifo_2048x8' is here in al_ip/hsyncfifo_2048x8.v(26)
HDL-5007 WARNING: overwrite current module 'ram_infer_hsyncfifo_2048x8' in ../rtl/Sobel_ctrl/sobel_linebuffer/hsyncfifo_2048x8.v(270)
HDL-1007 : previous definition of design element 'ram_infer_hsyncfifo_2048x8' is here in al_ip/hsyncfifo_2048x8.v(270)
HDL-1007 : analyze verilog file ../rtl/Sobel_ctrl/sobel_linebuffer/hsyncfifo_ahead2048x8.v
HDL-1007 : analyze verilog file ../rtl/Sobel_ctrl/sobel_linebuffer/sobel_linebuffer.v
HDL-1007 : analyze verilog file ../rtl/Sobel_ctrl/sobel_position_calculate/sobel_position_calculate.v
HDL-1007 : analyze verilog file ../rtl/Sobel_ctrl/sobel_regarray/sobel_regarray.sv
HDL-8007 ERROR: cannot find port 'do' on this module in ../rtl/Sobel_ctrl/sobel_linebuffer/hsyncfifo_ahead2048x8.v(39)
HDL-8007 ERROR: cannot find port 'afull_flag' on this module in ../rtl/Sobel_ctrl/sobel_linebuffer/hsyncfifo_ahead2048x8.v(42)
RUN-1001 : Print Global Property
RUN-1001 : ---------------------------------------------------------------
RUN-1001 :        Parameters        |  Settings  |  Default Values  |  Note  
RUN-1001 : ---------------------------------------------------------------
RUN-1001 :          message         |  standard  |     standard     |        
RUN-1001 :   mixed_pack_place_flow  |     on     |        on        |        
RUN-1001 :        qor_monitor       |    off     |       off        |        
RUN-1001 :        syn_ip_flow       |    off     |       off        |        
RUN-1001 :          thread          |    auto    |       auto       |        
RUN-1001 : ---------------------------------------------------------------
RUN-1001 : Print Design Property
RUN-1001 : --------------------------------------------------------------
RUN-1001 :        Parameters       |  Settings  |  Default Values  |  Note  
RUN-1001 : --------------------------------------------------------------
RUN-1001 :   default_reg_initial   |    auto    |       auto       |        
RUN-1001 :        infer_add        |     on     |        on        |        
RUN-1001 :        infer_fsm        |    off     |       off        |        
RUN-1001 :        infer_mult       |     on     |        on        |        
RUN-1001 :        infer_ram        |     on     |        on        |        
RUN-1001 :        infer_reg        |     on     |        on        |        
RUN-1001 :   infer_reg_init_value  |     on     |        on        |        
RUN-1001 :        infer_rom        |     on     |        on        |        
RUN-1001 :      infer_shifter      |     on     |        on        |        
RUN-1001 : --------------------------------------------------------------
RUN-1001 : Print Rtl Property
RUN-1001 : --------------------------------------------------------------
RUN-1001 :        Parameters       |  Settings  |  Default Values  |  Note  
RUN-1001 : --------------------------------------------------------------
RUN-1001 :       compress_add      |   ripple   |      ripple      |        
RUN-1001 :        elf_sload        |    off     |       off        |        
RUN-1001 :       fix_undriven      |     0      |        0         |        
RUN-1001 :         flatten         |    off     |       off        |        
RUN-1001 :       gate_sharing      |     on     |        on        |        
RUN-1001 :    hdl_warning_level    |   normal   |      normal      |        
RUN-1001 :   impl_internal_tribuf  |     on     |        on        |        
RUN-1001 :      impl_set_reset     |     on     |        on        |        
RUN-1001 :        infer_gsr        |    off     |       off        |        
RUN-1001 :      keep_hierarchy     |    auto    |       auto       |        
RUN-1001 :        max_fanout       |    9999    |       9999       |        
RUN-1001 :      max_oh2bin_len     |     10     |        10        |        
RUN-1001 :       merge_equal       |     on     |        on        |        
RUN-1001 :       merge_equiv       |     on     |        on        |        
RUN-1001 :        merge_mux        |    off     |       off        |        
RUN-1001 :     min_control_set     |     8      |        8         |        
RUN-1001 :      min_ripple_len     |    auto    |       auto       |        
RUN-1001 :       oh2bin_ratio      |    0.08    |       0.08       |        
RUN-1001 :     opt_adder_fanout    |     on     |        on        |        
RUN-1001 :        opt_arith        |     on     |        on        |        
RUN-1001 :       opt_big_gate      |    off     |       off        |        
RUN-1001 :        opt_const        |     on     |        on        |        
RUN-1001 :      opt_const_mult     |     on     |        on        |        
RUN-1001 :       opt_lessthan      |     on     |        on        |        
RUN-1001 :         opt_mux         |    off     |       off        |        
RUN-1001 :         opt_ram         |    high    |       high       |        
RUN-1001 :      rtl_sim_model      |    off     |       off        |        
RUN-1001 :         seq_syn         |     on     |        on        |        
RUN-1001 : --------------------------------------------------------------
HDL-1007 : analyze verilog file al_ip/hsyncfifo_2048x8.v
HDL-1007 : analyze verilog file ../rtl/Sobel_ctrl/Sobel_top/demosaic_top.v
HDL-1007 : undeclared symbol 'fifo_not_full', assumed default net type 'wire' in ../rtl/Sobel_ctrl/Sobel_top/demosaic_top.v(27)
HDL-1007 : analyze verilog file ../rtl/Sobel_ctrl/Sobel_top/sobel_ctrl.sv
HDL-1007 : undeclared symbol 'fifo_not_full', assumed default net type 'wire' in ../rtl/Sobel_ctrl/Sobel_top/sobel_ctrl.sv(32)
HDL-1007 : undeclared symbol 'fifo_dout', assumed default net type 'wire' in ../rtl/Sobel_ctrl/Sobel_top/sobel_ctrl.sv(92)
HDL-1007 : undeclared symbol 'fifo_not_empty', assumed default net type 'wire' in ../rtl/Sobel_ctrl/Sobel_top/sobel_ctrl.sv(100)
HDL-1007 : undeclared symbol 'fifo_ren', assumed default net type 'wire' in ../rtl/Sobel_ctrl/Sobel_top/sobel_ctrl.sv(101)
HDL-1007 : analyze verilog file ../rtl/Sobel_ctrl/sobel_interpolation/sobel_interpolation.v
HDL-1007 : analyze verilog file ../rtl/Sobel_ctrl/sobel_linebuffer/hsyncfifo_2048x8.v
HDL-1007 : analyze verilog file ../rtl/Sobel_ctrl/sobel_linebuffer/hsyncfifo_ahead2048x8.v
HDL-1007 : analyze verilog file ../rtl/Sobel_ctrl/sobel_linebuffer/sobel_linebuffer.v
HDL-1007 : analyze verilog file ../rtl/Sobel_ctrl/sobel_position_calculate/sobel_position_calculate.v
HDL-1007 : analyze verilog file ../rtl/Sobel_ctrl/sobel_regarray/sobel_regarray.sv
HDL-8007 ERROR: cannot find port 'do' on this module in ../rtl/Sobel_ctrl/sobel_linebuffer/hsyncfifo_ahead2048x8.v(39)
HDL-8007 ERROR: cannot find port 'afull_flag' on this module in ../rtl/Sobel_ctrl/sobel_linebuffer/hsyncfifo_ahead2048x8.v(42)
