============================================================
   Tang Dynasty, V5.6.71036
      Copyright (c) 2012-2023 Anlogic Inc.
   Executable = D:/TD/bin/td.exe
   Built at =   20:34:38 Mar 21 2023
   Run by =     32863
   Run Date =   Mon Jul 15 13:38:50 2024

   Run on =     SUPERIOR-LEGION
============================================================
RUN-1002 : start command "open_project sobel_ctrl.prj"
RUN-1001 : Print Global Property
RUN-1001 : ---------------------------------------------------------------
RUN-1001 :        Parameters        |  Settings  |  Default Values  |  Note  
RUN-1001 : ---------------------------------------------------------------
RUN-1001 :          message         |  standard  |     standard     |        
RUN-1001 :   mixed_pack_place_flow  |     on     |        on        |        
RUN-1001 :        qor_monitor       |    off     |       off        |        
RUN-1001 :        syn_ip_flow       |    off     |       off        |        
RUN-1001 :          thread          |    auto    |       auto       |        
RUN-1001 : ---------------------------------------------------------------
RUN-1001 : Print Design Property
RUN-1001 : --------------------------------------------------------------
RUN-1001 :        Parameters       |  Settings  |  Default Values  |  Note  
RUN-1001 : --------------------------------------------------------------
RUN-1001 :   default_reg_initial   |    auto    |       auto       |        
RUN-1001 :        infer_add        |     on     |        on        |        
RUN-1001 :        infer_fsm        |    off     |       off        |        
RUN-1001 :        infer_mult       |     on     |        on        |        
RUN-1001 :        infer_ram        |     on     |        on        |        
RUN-1001 :        infer_reg        |     on     |        on        |        
RUN-1001 :   infer_reg_init_value  |     on     |        on        |        
RUN-1001 :        infer_rom        |     on     |        on        |        
RUN-1001 :      infer_shifter      |     on     |        on        |        
RUN-1001 : --------------------------------------------------------------
RUN-1001 : Print Rtl Property
RUN-1001 : --------------------------------------------------------------
RUN-1001 :        Parameters       |  Settings  |  Default Values  |  Note  
RUN-1001 : --------------------------------------------------------------
RUN-1001 :       compress_add      |   ripple   |      ripple      |        
RUN-1001 :        elf_sload        |    off     |       off        |        
RUN-1001 :       fix_undriven      |     0      |        0         |        
RUN-1001 :         flatten         |    off     |       off        |        
RUN-1001 :       gate_sharing      |     on     |        on        |        
RUN-1001 :    hdl_warning_level    |   normal   |      normal      |        
RUN-1001 :   impl_internal_tribuf  |     on     |        on        |        
RUN-1001 :      impl_set_reset     |     on     |        on        |        
RUN-1001 :        infer_gsr        |    off     |       off        |        
RUN-1001 :      keep_hierarchy     |    auto    |       auto       |        
RUN-1001 :        max_fanout       |    9999    |       9999       |        
RUN-1001 :      max_oh2bin_len     |     10     |        10        |        
RUN-1001 :       merge_equal       |     on     |        on        |        
RUN-1001 :       merge_equiv       |     on     |        on        |        
RUN-1001 :        merge_mux        |    off     |       off        |        
RUN-1001 :     min_control_set     |     8      |        8         |        
RUN-1001 :      min_ripple_len     |    auto    |       auto       |        
RUN-1001 :       oh2bin_ratio      |    0.08    |       0.08       |        
RUN-1001 :     opt_adder_fanout    |     on     |        on        |        
RUN-1001 :        opt_arith        |     on     |        on        |        
RUN-1001 :       opt_big_gate      |    off     |       off        |        
RUN-1001 :        opt_const        |     on     |        on        |        
RUN-1001 :      opt_const_mult     |     on     |        on        |        
RUN-1001 :       opt_lessthan      |     on     |        on        |        
RUN-1001 :         opt_mux         |    off     |       off        |        
RUN-1001 :         opt_ram         |    high    |       high       |        
RUN-1001 :      rtl_sim_model      |    off     |       off        |        
RUN-1001 :         seq_syn         |     on     |        on        |        
RUN-1001 : --------------------------------------------------------------
HDL-1007 : analyze verilog file ../../al_ip/hsyncfifo_2048x8_aull1920.v
HDL-1007 : analyze verilog file ../../../../rtl/sobel_cov/sobel_cov.v
HDL-1007 : analyze verilog file ../../../../rtl/sobel_linebuffer/hsyncfifo_ahead2048x8.v
HDL-1007 : analyze verilog file ../../../../rtl/sobel_linebuffer/sobel_linebuffer.v
HDL-1007 : analyze verilog file ../../../../rtl/sobel_position_calculate/sobel_position_calculate.v
HDL-1007 : analyze verilog file ../../../../rtl/sobel_regarray/sobel_regarray.sv
HDL-1007 : analyze verilog file ../../../../rtl/sobel_top/sobel_ctrl.sv
RUN-1001 : Project manager successfully analyzed 7 source files.
RUN-1003 : finish command "open_project sobel_ctrl.prj" in  2.615396s wall, 0.000000s user + 0.000000s system = 0.000000s CPU (n/a%)

RUN-1004 : used memory is 47 MB, reserved memory is 19 MB, peak memory is 47 MB
RUN-1002 : start command "import_device eagle_s20.db -package EG4S20BG256"
ARC-1001 : Device Initialization.
ARC-1001 : ------------------------------------------------------------------
ARC-1001 :            OPTION            |          IO          |   SETTING   
ARC-1001 : ------------------------------------------------------------------
ARC-1001 :   cso_b/cclk/mosi/miso/dout  |  T3/R11/T10/P10/S11  |    gpio    
ARC-1001 :             done             |         P13          |    gpio    
ARC-1001 :           program_b          |          T2          |  dedicate  
ARC-1001 :        tdi/tms/tck/tdo       |   C12/A15/C14/E14    |  dedicate  
ARC-1001 : ------------------------------------------------------------------
ARC-1004 : Device setting, marked 5 dedicate IOs in total.
RUN-1002 : start command "elaborate -top sobel_ctrl"
RUN-1001 : Print Design Property
RUN-1001 : --------------------------------------------------------------
RUN-1001 :        Parameters       |  Settings  |  Default Values  |  Note  
RUN-1001 : --------------------------------------------------------------
RUN-1001 :   default_reg_initial   |    auto    |       auto       |        
RUN-1001 :        infer_add        |     on     |        on        |        
RUN-1001 :        infer_fsm        |    off     |       off        |        
RUN-1001 :        infer_mult       |     on     |        on        |        
RUN-1001 :        infer_ram        |     on     |        on        |        
RUN-1001 :        infer_reg        |     on     |        on        |        
RUN-1001 :   infer_reg_init_value  |     on     |        on        |        
RUN-1001 :        infer_rom        |     on     |        on        |        
RUN-1001 :      infer_shifter      |     on     |        on        |        
RUN-1001 : --------------------------------------------------------------
RUN-1001 : Print Rtl Property
RUN-1001 : --------------------------------------------------------------
RUN-1001 :        Parameters       |  Settings  |  Default Values  |  Note  
RUN-1001 : --------------------------------------------------------------
RUN-1001 :       compress_add      |   ripple   |      ripple      |        
RUN-1001 :        elf_sload        |    off     |       off        |        
RUN-1001 :       fix_undriven      |     0      |        0         |        
RUN-1001 :         flatten         |    off     |       off        |        
RUN-1001 :       gate_sharing      |     on     |        on        |        
RUN-1001 :    hdl_warning_level    |   normal   |      normal      |        
RUN-1001 :   impl_internal_tribuf  |     on     |        on        |        
RUN-1001 :      impl_set_reset     |     on     |        on        |        
RUN-1001 :        infer_gsr        |    off     |       off        |        
RUN-1001 :      keep_hierarchy     |    auto    |       auto       |        
RUN-1001 :        max_fanout       |    9999    |       9999       |        
RUN-1001 :      max_oh2bin_len     |     10     |        10        |        
RUN-1001 :       merge_equal       |     on     |        on        |        
RUN-1001 :       merge_equiv       |     on     |        on        |        
RUN-1001 :        merge_mux        |    off     |       off        |        
RUN-1001 :     min_control_set     |     8      |        8         |        
RUN-1001 :      min_ripple_len     |    auto    |       auto       |        
RUN-1001 :       oh2bin_ratio      |    0.08    |       0.08       |        
RUN-1001 :     opt_adder_fanout    |     on     |        on        |        
RUN-1001 :        opt_arith        |     on     |        on        |        
RUN-1001 :       opt_big_gate      |    off     |       off        |        
RUN-1001 :        opt_const        |     on     |        on        |        
RUN-1001 :      opt_const_mult     |     on     |        on        |        
RUN-1001 :       opt_lessthan      |     on     |        on        |        
RUN-1001 :         opt_mux         |    off     |       off        |        
RUN-1001 :         opt_ram         |    high    |       high       |        
RUN-1001 :      rtl_sim_model      |    off     |       off        |        
RUN-1001 :         seq_syn         |     on     |        on        |        
RUN-1001 : --------------------------------------------------------------
RUN-1001 : Print Global Property
RUN-1001 : ---------------------------------------------------------------
RUN-1001 :        Parameters        |  Settings  |  Default Values  |  Note  
RUN-1001 : ---------------------------------------------------------------
RUN-1001 :          message         |  standard  |     standard     |        
RUN-1001 :   mixed_pack_place_flow  |     on     |        on        |        
RUN-1001 :        qor_monitor       |    off     |       off        |        
RUN-1001 :        syn_ip_flow       |    off     |       off        |        
RUN-1001 :          thread          |    auto    |       auto       |        
RUN-1001 : ---------------------------------------------------------------
RUN-1001 : Print Design Property
RUN-1001 : --------------------------------------------------------------
RUN-1001 :        Parameters       |  Settings  |  Default Values  |  Note  
RUN-1001 : --------------------------------------------------------------
RUN-1001 :   default_reg_initial   |    auto    |       auto       |        
RUN-1001 :        infer_add        |     on     |        on        |        
RUN-1001 :        infer_fsm        |    off     |       off        |        
RUN-1001 :        infer_mult       |     on     |        on        |        
RUN-1001 :        infer_ram        |     on     |        on        |        
RUN-1001 :        infer_reg        |     on     |        on        |        
RUN-1001 :   infer_reg_init_value  |     on     |        on        |        
RUN-1001 :        infer_rom        |     on     |        on        |        
RUN-1001 :      infer_shifter      |     on     |        on        |        
RUN-1001 : --------------------------------------------------------------
HDL-1007 : elaborate module sobel_ctrl in ../../../../rtl/sobel_top/sobel_ctrl.sv(1)
HDL-1007 : elaborate module sobel_linebuffer in ../../../../rtl/sobel_linebuffer/sobel_linebuffer.v(2)
HDL-1007 : elaborate module hsyncfifo_ahead2048x8 in ../../../../rtl/sobel_linebuffer/hsyncfifo_ahead2048x8.v(2)
HDL-1007 : elaborate module hsyncfifo_2048x8_afull1920 in ../../al_ip/hsyncfifo_2048x8_aull1920.v(14)
HDL-1007 : elaborate module EG_LOGIC_FIFO(DATA_WIDTH_W=8,DATA_WIDTH_R=8,DATA_DEPTH_W=2048,DATA_DEPTH_R=2048,AF=1919,F=2048,ASYNC_RESET_RELEASE="ASYNC") in D:/TD/arch/eagle_macro.v(142)
HDL-1007 : elaborate module sobel_position_calculate in ../../../../rtl/sobel_position_calculate/sobel_position_calculate.v(2)
HDL-7007 CRITICAL-WARNING: invert of if-condition matches sensitivity list edge; this is unconventional in ../../../../rtl/sobel_position_calculate/sobel_position_calculate.v(19)
HDL-1007 : elaborate module sobel_regarray in ../../../../rtl/sobel_regarray/sobel_regarray.sv(1)
HDL-1007 : elaborate module sobel_cov in ../../../../rtl/sobel_cov/sobel_cov.v(1)
HDL-1200 : Current top model is sobel_ctrl
HDL-1100 : Inferred 0 RAMs.
RUN-1002 : start command "export_db sobel_ctrl_elaborate.db"
RUN-1001 : Exported /
RUN-1001 : Exported flow parameters
RUN-1001 : Exported libs
RUN-1001 : Exported entities
RUN-1001 : Exported ports
RUN-1001 : Exported pins
RUN-1001 : Exported instances
RUN-1001 : Exported nets
RUN-1001 : Exported buses
RUN-1001 : Exported models
RUN-1001 : Exported congestions
RUN-1001 : Exported violations
RUN-1001 : Exported IO constraints
RUN-1001 : Exported Inst constraints
RUN-1002 : start command "read_adc"
USR-1002 : read_adc file_name -trans <string> -help
USR-6010 WARNING: ADC constraints: top model pin clk has no constraint.
USR-6010 WARNING: ADC constraints: top model pin data_m_gray[7] has no constraint.
USR-6010 WARNING: ADC constraints: top model pin data_m_gray[6] has no constraint.
USR-6010 WARNING: ADC constraints: top model pin data_m_gray[5] has no constraint.
USR-6010 WARNING: ADC constraints: top model pin data_m_gray[4] has no constraint.
USR-6010 WARNING: ADC constraints: top model pin data_m_gray[3] has no constraint.
USR-6010 WARNING: ADC constraints: top model pin data_m_gray[2] has no constraint.
USR-6010 WARNING: ADC constraints: top model pin data_m_gray[1] has no constraint.
USR-6010 WARNING: ADC constraints: top model pin data_m_gray[0] has no constraint.
USR-6010 WARNING: ADC constraints: top model pin data_s_gxy[17] has no constraint.
USR-6010 Similar messages will be suppressed.
RUN-1002 : start command "optimize_rtl"
RUN-1001 : Open license file D:/TD/license/Anlogic.lic
RUN-1001 : Print Global Property
RUN-1001 : ---------------------------------------------------------------
RUN-1001 :        Parameters        |  Settings  |  Default Values  |  Note  
RUN-1001 : ---------------------------------------------------------------
RUN-1001 :          message         |  standard  |     standard     |        
RUN-1001 :   mixed_pack_place_flow  |     on     |        on        |        
RUN-1001 :        qor_monitor       |    off     |       off        |        
RUN-1001 :        syn_ip_flow       |    off     |       off        |        
RUN-1001 :          thread          |    auto    |       auto       |        
RUN-1001 : ---------------------------------------------------------------
RUN-1001 : Print Rtl Property
RUN-1001 : --------------------------------------------------------------
RUN-1001 :        Parameters       |  Settings  |  Default Values  |  Note  
RUN-1001 : --------------------------------------------------------------
RUN-1001 :       compress_add      |   ripple   |      ripple      |        
RUN-1001 :        elf_sload        |    off     |       off        |        
RUN-1001 :       fix_undriven      |     0      |        0         |        
RUN-1001 :         flatten         |    off     |       off        |        
RUN-1001 :       gate_sharing      |     on     |        on        |        
RUN-1001 :    hdl_warning_level    |   normal   |      normal      |        
RUN-1001 :   impl_internal_tribuf  |     on     |        on        |        
RUN-1001 :      impl_set_reset     |     on     |        on        |        
RUN-1001 :        infer_gsr        |    off     |       off        |        
RUN-1001 :      keep_hierarchy     |    auto    |       auto       |        
RUN-1001 :        max_fanout       |    9999    |       9999       |        
RUN-1001 :      max_oh2bin_len     |     10     |        10        |        
RUN-1001 :       merge_equal       |     on     |        on        |        
RUN-1001 :       merge_equiv       |     on     |        on        |        
RUN-1001 :        merge_mux        |    off     |       off        |        
RUN-1001 :     min_control_set     |     8      |        8         |        
RUN-1001 :      min_ripple_len     |    auto    |       auto       |        
RUN-1001 :       oh2bin_ratio      |    0.08    |       0.08       |        
RUN-1001 :     opt_adder_fanout    |     on     |        on        |        
RUN-1001 :        opt_arith        |     on     |        on        |        
RUN-1001 :       opt_big_gate      |    off     |       off        |        
RUN-1001 :        opt_const        |     on     |        on        |        
RUN-1001 :      opt_const_mult     |     on     |        on        |        
RUN-1001 :       opt_lessthan      |     on     |        on        |        
RUN-1001 :         opt_mux         |    off     |       off        |        
RUN-1001 :         opt_ram         |    high    |       high       |        
RUN-1001 :      rtl_sim_model      |    off     |       off        |        
RUN-1001 :         seq_syn         |     on     |        on        |        
RUN-1001 : --------------------------------------------------------------
SYN-1012 : SanityCheck: Model "sobel_ctrl"
SYN-1012 : SanityCheck: Model "sobel_cov"
SYN-1012 : SanityCheck: Model "sobel_linebuffer"
SYN-1012 : SanityCheck: Model "hsyncfifo_ahead2048x8"
SYN-1012 : SanityCheck: Model "hsyncfifo_2048x8_afull1920"
SYN-1012 : SanityCheck: Model "sobel_position_calculate"
SYN-1012 : SanityCheck: Model "sobel_regarray"
SYN-1011 : Flatten model sobel_ctrl
SYN-1032 : 604/30 useful/useless nets, 168/2 useful/useless insts
SYN-1016 : Merged 27 instances.
SYN-1032 : 335/127 useful/useless nets, 68/28 useful/useless insts
SYN-1032 : 334/1 useful/useless nets, 228/0 useful/useless insts
SYN-1014 : Optimize round 1
SYN-1015 : Optimize round 1, 192 better
SYN-1014 : Optimize round 2
SYN-1017 : Remove 2 const input seq instances
SYN-1002 :     u_sobel_cov/pos_valid_r_reg
SYN-1002 :     u_sobel_cov/data_valid_reg
SYN-1015 : Optimize round 2, 2 better
SYN-1014 : Optimize round 1
SYN-1015 : Optimize round 1, 0 better
RUN-1002 : start command "report_area -file sobel_ctrl_rtl.area"
RUN-1001 : standard
***Report Model: sobel_ctrl Device: EG4S20BG256***

IO Statistics
#IO                        32
  #input                   12
  #output                  20
  #inout                    0

Gate Statistics
#Basic gates              120
  #and                     15
  #nand                     0
  #or                       2
  #nor                      0
  #xor                      0
  #xnor                     0
  #buf                      0
  #not                      7
  #bufif1                   0
  #MX21                     4
  #FADD                     0
  #DFF                     92
  #LATCH                    0
#MACRO_ADD                 10
#MACRO_OTHERS               2

Report Hierarchy Area:
+---------------------------------------------------------------------------------------+
|Instance                           |Module                     |gates  |seq    |macros |
+---------------------------------------------------------------------------------------+
|top                                |sobel_ctrl                 |28     |92     |12     |
|  u_sobel_cov                      |sobel_cov                  |0      |82     |10     |
|  u_sobel_linebuffer               |sobel_linebuffer           |27     |2      |2      |
|    hsyncfifo_ahead2048x8_line0    |hsyncfifo_ahead2048x8      |11     |1      |1      |
|      u_hsyncfifo_2048x8_afull1920 |hsyncfifo_2048x8_afull1920 |0      |0      |1      |
|    hsyncfifo_ahead2048x8_line1    |hsyncfifo_ahead2048x8      |11     |1      |1      |
|      u_hsyncfifo_2048x8_afull1920 |hsyncfifo_2048x8_afull1920 |0      |0      |1      |
|  u_sobel_regarray                 |sobel_regarray             |0      |8      |0      |
+---------------------------------------------------------------------------------------+

RUN-1002 : start command "export_db sobel_ctrl_rtl.db"
RUN-1001 : Exported /
RUN-1001 : Exported flow parameters
RUN-1001 : Exported libs
RUN-1001 : Exported entities
RUN-1001 : Exported ports
RUN-1001 : Exported pins
RUN-1001 : Exported instances
RUN-1001 : Exported nets
RUN-1001 : Exported buses
RUN-1001 : Exported models
RUN-1001 : Exported congestions
RUN-1001 : Exported violations
RUN-1001 : Exported IO constraints
RUN-1001 : Exported Inst constraints
RUN-1002 : start command "optimize_gate -maparea sobel_ctrl_gate.area"
RUN-1001 : Open license file D:/TD/license/Anlogic.lic
RUN-1001 : Print Global Property
RUN-1001 : ---------------------------------------------------------------
RUN-1001 :        Parameters        |  Settings  |  Default Values  |  Note  
RUN-1001 : ---------------------------------------------------------------
RUN-1001 :          message         |  standard  |     standard     |        
RUN-1001 :   mixed_pack_place_flow  |     on     |        on        |        
RUN-1001 :        qor_monitor       |    off     |       off        |        
RUN-1001 :        syn_ip_flow       |    off     |       off        |        
RUN-1001 :          thread          |    auto    |       auto       |        
RUN-1001 : ---------------------------------------------------------------
RUN-1001 : Print Gate Property
RUN-1001 : ------------------------------------------------------------------
RUN-1001 :          Parameters         |  Settings  |  Default Values  |  Note  
RUN-1001 : ------------------------------------------------------------------
RUN-1001 :         cascade_dsp         |    off     |       off        |        
RUN-1001 :         cascade_eram        |    off     |       off        |        
RUN-1001 :        gate_sim_model       |    off     |       off        |        
RUN-1001 :        map_sim_model        |    off     |       off        |        
RUN-1001 :         map_strategy        |     1      |        1         |        
RUN-1001 :           opt_area          |   medium   |      medium      |        
RUN-1001 :          opt_timing         |    auto    |       auto       |        
RUN-1001 :         pack_effort         |   medium   |      medium      |        
RUN-1001 :      pack_lslice_ripple     |     on     |        on        |        
RUN-1001 :   pack_lslice_ripple_ratio  |    0.5     |       0.5        |        
RUN-1001 :        pack_seq_in_io       |    auto    |       auto       |        
RUN-1001 :        ph1_mux_ratio        |    1.0     |       1.0        |        
RUN-1001 :            report           |  standard  |     standard     |        
RUN-1001 :           retiming          |    off     |       off        |        
RUN-1001 : ------------------------------------------------------------------
SYN-2001 : Map 32 IOs to PADs
SYN-1032 : 253/18 useful/useless nets, 139/26 useful/useless insts
RUN-1002 : start command "update_pll_param -module sobel_ctrl"
SYN-2501 : Processed 0 LOGIC_BUF instances.
SYN-2541 : Write 2048x8, read 2048x8.
SYN-2541 : Write 2048x8, read 2048x8.
SYN-2571 : Optimize after map_dsp, round 1
SYN-1016 : Merged 2 instances.
SYN-2571 : Optimize after map_dsp, round 1, 2 better
SYN-2571 : Optimize after map_dsp, round 2
SYN-2571 : Optimize after map_dsp, round 2, 0 better
SYN-2501 : Optimize round 1
SYN-2501 : Optimize round 1, 4 better
SYN-2501 : Optimize round 2
SYN-2501 : Optimize round 2, 0 better
SYN-2501 : Map 10 macro adder
SYN-1016 : Merged 10 instances.
SYN-3001 : Running gate level optimization.
SYN-2581 : Mapping with K=5, #lut = 7 (4.00), #lev = 1 (0.50)
SYN-2551 : Post LUT mapping optimization.
SYN-2581 : Mapping with K=5, #lut = 7 (4.00), #lev = 1 (0.50)
SYN-3001 : Logic optimization runtime opt =   0.00 sec, map =   0.00 sec
SYN-3001 : Mapper mapped 30 instances into 12 LUTs, name keeping = 100%.
RUN-1002 : start command "report_area -file sobel_ctrl_gate.area"
RUN-1001 : standard
***Report Model: sobel_ctrl Device: EG4S20BG256***

IO Statistics
#IO                        32
  #input                   12
  #output                  20
  #inout                    0

LUT Statistics
#Total_luts               108
  #lut4                     8
  #lut5                     4
  #lut6                     0
  #lut5_mx41                0
  #lut4_alu1b              96

Utilization Statistics
#lut                      108   out of  19600    0.55%
#reg                       66   out of  19600    0.34%
#le                         0
#dsp                        0   out of     29    0.00%
#bram                       4   out of     64    6.25%
  #bram9k                   0
  #fifo9k                   4
#bram32k                    0   out of     16    0.00%
#pad                       31   out of    188   16.49%
  #ireg                     8
  #oreg                    18
  #treg                     0
#pll                        0   out of      4    0.00%

Report Hierarchy Area:
+------------------------------------------------------------------------------------------------------------+
|Instance                           |Module                     |lut     |ripple  |seq     |bram    |dsp     |
+------------------------------------------------------------------------------------------------------------+
|top                                |sobel_ctrl                 |12      |96      |92      |4       |0       |
|  u_sobel_cov                      |sobel_cov                  |0       |96      |56      |0       |0       |
|  u_sobel_linebuffer               |sobel_linebuffer           |12      |0       |2       |4       |0       |
|    hsyncfifo_ahead2048x8_line0    |hsyncfifo_ahead2048x8      |4       |0       |1       |2       |0       |
|      u_hsyncfifo_2048x8_afull1920 |hsyncfifo_2048x8_afull1920 |1       |0       |0       |2       |0       |
|    hsyncfifo_ahead2048x8_line1    |hsyncfifo_ahead2048x8      |5       |0       |1       |2       |0       |
|      u_hsyncfifo_2048x8_afull1920 |hsyncfifo_2048x8_afull1920 |1       |0       |0       |2       |0       |
|  u_sobel_regarray                 |sobel_regarray             |0       |0       |8       |0       |0       |
+------------------------------------------------------------------------------------------------------------+

SYN-1001 : Packing model "sobel_ctrl" ...
SYN-4010 : Pack lib has 58 rtl pack models with 25 top pack blocks
SYN-1014 : Optimize round 1
SYN-1015 : Optimize round 1, 0 better
SYN-4002 : Packing 66 DFF/LATCH to SEQ ...
SYN-4009 : Pack 5 carry chain into lslice
SYN-4007 : Packing 46 adder to BLE ...
SYN-4008 : Packed 46 adder and 0 SEQ to BLE.
SYN-4007 : Packing 0 gate4 to BLE ...
SYN-4008 : Packed 0 gate4 and 0 SEQ to BLE.
SYN-4012 : Packed 0 FxMUX
RUN-1002 : start command "legalize_phy_inst"
SYN-1011 : Flatten model sobel_ctrl
RUN-1002 : start command "export_db sobel_ctrl_gate.db"
RUN-1001 : Exported /
RUN-1001 : Exported flow parameters
RUN-1001 : Exported libs
RUN-1001 : Exported entities
RUN-1001 : Exported ports
RUN-1001 : Exported pins
RUN-1001 : Exported instances
RUN-1001 : Exported nets
RUN-1001 : Exported buses
RUN-1001 : Exported models
RUN-1001 : Exported congestions
RUN-1001 : Exported violations
RUN-1001 : Exported IO constraints
RUN-1001 : Exported Inst constraints
RUN-1002 : start command "backup_run_log run.log ../.logs/syn_1/td_20240715_133850.log"
