============================================================
   Tang Dynasty, V5.6.71036
      Copyright (c) 2012-2023 Anlogic Inc.
   Executable = E:/Anlogic/TD5.6.2/bin/td.exe
   Built at =   20:34:38 Mar 21 2023
   Run by =     10373
   Run Date =   Thu Jul 11 22:53:55 2024

   Run on =     LAPTOP-6R8AHER8
============================================================
RUN-1002 : start command "open_project Sobel_ctrl.prj"
RUN-1001 : Print Global Property
RUN-1001 : ---------------------------------------------------------------
RUN-1001 :        Parameters        |  Settings  |  Default Values  |  Note  
RUN-1001 : ---------------------------------------------------------------
RUN-1001 :          message         |  standard  |     standard     |        
RUN-1001 :   mixed_pack_place_flow  |     on     |        on        |        
RUN-1001 :        qor_monitor       |    off     |       off        |        
RUN-1001 :        syn_ip_flow       |    off     |       off        |        
RUN-1001 :          thread          |    auto    |       auto       |        
RUN-1001 : ---------------------------------------------------------------
RUN-1001 : Print Design Property
RUN-1001 : --------------------------------------------------------------
RUN-1001 :        Parameters       |  Settings  |  Default Values  |  Note  
RUN-1001 : --------------------------------------------------------------
RUN-1001 :   default_reg_initial   |    auto    |       auto       |        
RUN-1001 :        infer_add        |     on     |        on        |        
RUN-1001 :        infer_fsm        |    off     |       off        |        
RUN-1001 :        infer_mult       |     on     |        on        |        
RUN-1001 :        infer_ram        |     on     |        on        |        
RUN-1001 :        infer_reg        |     on     |        on        |        
RUN-1001 :   infer_reg_init_value  |     on     |        on        |        
RUN-1001 :        infer_rom        |     on     |        on        |        
RUN-1001 :      infer_shifter      |     on     |        on        |        
RUN-1001 : --------------------------------------------------------------
RUN-1001 : Print Rtl Property
RUN-1001 : --------------------------------------------------------------
RUN-1001 :        Parameters       |  Settings  |  Default Values  |  Note  
RUN-1001 : --------------------------------------------------------------
RUN-1001 :       compress_add      |   ripple   |      ripple      |        
RUN-1001 :        elf_sload        |    off     |       off        |        
RUN-1001 :       fix_undriven      |     0      |        0         |        
RUN-1001 :         flatten         |    off     |       off        |        
RUN-1001 :       gate_sharing      |     on     |        on        |        
RUN-1001 :    hdl_warning_level    |   normal   |      normal      |        
RUN-1001 :   impl_internal_tribuf  |     on     |        on        |        
RUN-1001 :      impl_set_reset     |     on     |        on        |        
RUN-1001 :        infer_gsr        |    off     |       off        |        
RUN-1001 :      keep_hierarchy     |    auto    |       auto       |        
RUN-1001 :        max_fanout       |    9999    |       9999       |        
RUN-1001 :      max_oh2bin_len     |     10     |        10        |        
RUN-1001 :       merge_equal       |     on     |        on        |        
RUN-1001 :       merge_equiv       |     on     |        on        |        
RUN-1001 :        merge_mux        |    off     |       off        |        
RUN-1001 :     min_control_set     |     8      |        8         |        
RUN-1001 :      min_ripple_len     |    auto    |       auto       |        
RUN-1001 :       oh2bin_ratio      |    0.08    |       0.08       |        
RUN-1001 :     opt_adder_fanout    |     on     |        on        |        
RUN-1001 :        opt_arith        |     on     |        on        |        
RUN-1001 :       opt_big_gate      |    off     |       off        |        
RUN-1001 :        opt_const        |     on     |        on        |        
RUN-1001 :      opt_const_mult     |     on     |        on        |        
RUN-1001 :       opt_lessthan      |     on     |        on        |        
RUN-1001 :         opt_mux         |    off     |       off        |        
RUN-1001 :         opt_ram         |    high    |       high       |        
RUN-1001 :      rtl_sim_model      |    off     |       off        |        
RUN-1001 :         seq_syn         |     on     |        on        |        
RUN-1001 : --------------------------------------------------------------
HDL-1007 : analyze verilog file ../../al_ip/hsyncfifo_2048x8.v
HDL-1007 : analyze verilog file ../../../rtl/Sobel_ctrl/Sobel_top/sobel_ctrl.sv
HDL-1007 : undeclared symbol 'fifo_not_full', assumed default net type 'wire' in ../../../rtl/Sobel_ctrl/Sobel_top/sobel_ctrl.sv(32)
HDL-1007 : undeclared symbol 'fifo_dout', assumed default net type 'wire' in ../../../rtl/Sobel_ctrl/Sobel_top/sobel_ctrl.sv(92)
HDL-1007 : undeclared symbol 'fifo_not_empty', assumed default net type 'wire' in ../../../rtl/Sobel_ctrl/Sobel_top/sobel_ctrl.sv(100)
HDL-1007 : undeclared symbol 'fifo_ren', assumed default net type 'wire' in ../../../rtl/Sobel_ctrl/Sobel_top/sobel_ctrl.sv(101)
HDL-1007 : analyze verilog file ../../../rtl/Sobel_ctrl/sobel_interpolation/sobel_interpolation.v
HDL-1007 : analyze verilog file ../../../rtl/Sobel_ctrl/sobel_linebuffer/hsyncfifo_2048x8.v
HDL-5007 WARNING: overwrite current module 'hsyncfifo_2048x8' in ../../../rtl/Sobel_ctrl/sobel_linebuffer/hsyncfifo_2048x8.v(26)
HDL-1007 : previous definition of design element 'hsyncfifo_2048x8' is here in ../../al_ip/hsyncfifo_2048x8.v(26)
HDL-5007 WARNING: overwrite current module 'ram_infer_hsyncfifo_2048x8' in ../../../rtl/Sobel_ctrl/sobel_linebuffer/hsyncfifo_2048x8.v(270)
HDL-1007 : previous definition of design element 'ram_infer_hsyncfifo_2048x8' is here in ../../al_ip/hsyncfifo_2048x8.v(270)
HDL-1007 : analyze verilog file ../../../rtl/Sobel_ctrl/sobel_linebuffer/sobel_linebuffer.v
HDL-1007 : analyze verilog file ../../../rtl/Sobel_ctrl/sobel_position_calculate/sobel_position_calculate.v
HDL-1007 : analyze verilog file ../../../rtl/Sobel_ctrl/sobel_regarray/sobel_regarray.sv
RUN-1001 : Project manager successfully analyzed 7 source files.
RUN-1002 : start command "import_device eagle_s20.db -package EG4D20EG176"
ARC-1001 : Device Initialization.
ARC-1001 : ----------------------------------------------------------------------
ARC-1001 :            OPTION            |            IO            |   SETTING   
ARC-1001 : ----------------------------------------------------------------------
ARC-1001 :   cso_b/cclk/mosi/miso/dout  |  P140/P168/P166/P165/S5  |    gpio    
ARC-1001 :             done             |           P10            |    gpio    
ARC-1001 :           program_b          |           P134           |  dedicate  
ARC-1001 :        tdi/tms/tck/tdo       |     P46/P44/P47/P43      |  dedicate  
ARC-1001 : ----------------------------------------------------------------------
ARC-1004 : Device setting, marked 5 dedicate IOs in total.
RUN-1002 : start command "elaborate -top hsyncfifo_2048x8"
RUN-1001 : Print Design Property
RUN-1001 : --------------------------------------------------------------
RUN-1001 :        Parameters       |  Settings  |  Default Values  |  Note  
RUN-1001 : --------------------------------------------------------------
RUN-1001 :   default_reg_initial   |    auto    |       auto       |        
RUN-1001 :        infer_add        |     on     |        on        |        
RUN-1001 :        infer_fsm        |    off     |       off        |        
RUN-1001 :        infer_mult       |     on     |        on        |        
RUN-1001 :        infer_ram        |     on     |        on        |        
RUN-1001 :        infer_reg        |     on     |        on        |        
RUN-1001 :   infer_reg_init_value  |     on     |        on        |        
RUN-1001 :        infer_rom        |     on     |        on        |        
RUN-1001 :      infer_shifter      |     on     |        on        |        
RUN-1001 : --------------------------------------------------------------
RUN-1001 : Print Rtl Property
RUN-1001 : --------------------------------------------------------------
RUN-1001 :        Parameters       |  Settings  |  Default Values  |  Note  
RUN-1001 : --------------------------------------------------------------
RUN-1001 :       compress_add      |   ripple   |      ripple      |        
RUN-1001 :        elf_sload        |    off     |       off        |        
RUN-1001 :       fix_undriven      |     0      |        0         |        
RUN-1001 :         flatten         |    off     |       off        |        
RUN-1001 :       gate_sharing      |     on     |        on        |        
RUN-1001 :    hdl_warning_level    |   normal   |      normal      |        
RUN-1001 :   impl_internal_tribuf  |     on     |        on        |        
RUN-1001 :      impl_set_reset     |     on     |        on        |        
RUN-1001 :        infer_gsr        |    off     |       off        |        
RUN-1001 :      keep_hierarchy     |    auto    |       auto       |        
RUN-1001 :        max_fanout       |    9999    |       9999       |        
RUN-1001 :      max_oh2bin_len     |     10     |        10        |        
RUN-1001 :       merge_equal       |     on     |        on        |        
RUN-1001 :       merge_equiv       |     on     |        on        |        
RUN-1001 :        merge_mux        |    off     |       off        |        
RUN-1001 :     min_control_set     |     8      |        8         |        
RUN-1001 :      min_ripple_len     |    auto    |       auto       |        
RUN-1001 :       oh2bin_ratio      |    0.08    |       0.08       |        
RUN-1001 :     opt_adder_fanout    |     on     |        on        |        
RUN-1001 :        opt_arith        |     on     |        on        |        
RUN-1001 :       opt_big_gate      |    off     |       off        |        
RUN-1001 :        opt_const        |     on     |        on        |        
RUN-1001 :      opt_const_mult     |     on     |        on        |        
RUN-1001 :       opt_lessthan      |     on     |        on        |        
RUN-1001 :         opt_mux         |    off     |       off        |        
RUN-1001 :         opt_ram         |    high    |       high       |        
RUN-1001 :      rtl_sim_model      |    off     |       off        |        
RUN-1001 :         seq_syn         |     on     |        on        |        
RUN-1001 : --------------------------------------------------------------
RUN-1001 : Print Global Property
RUN-1001 : ---------------------------------------------------------------
RUN-1001 :        Parameters        |  Settings  |  Default Values  |  Note  
RUN-1001 : ---------------------------------------------------------------
RUN-1001 :          message         |  standard  |     standard     |        
RUN-1001 :   mixed_pack_place_flow  |     on     |        on        |        
RUN-1001 :        qor_monitor       |    off     |       off        |        
RUN-1001 :        syn_ip_flow       |    off     |       off        |        
RUN-1001 :          thread          |    auto    |       auto       |        
RUN-1001 : ---------------------------------------------------------------
RUN-1001 : Print Design Property
RUN-1001 : --------------------------------------------------------------
RUN-1001 :        Parameters       |  Settings  |  Default Values  |  Note  
RUN-1001 : --------------------------------------------------------------
RUN-1001 :   default_reg_initial   |    auto    |       auto       |        
RUN-1001 :        infer_add        |     on     |        on        |        
RUN-1001 :        infer_fsm        |    off     |       off        |        
RUN-1001 :        infer_mult       |     on     |        on        |        
RUN-1001 :        infer_ram        |     on     |        on        |        
RUN-1001 :        infer_reg        |     on     |        on        |        
RUN-1001 :   infer_reg_init_value  |     on     |        on        |        
RUN-1001 :        infer_rom        |     on     |        on        |        
RUN-1001 :      infer_shifter      |     on     |        on        |        
RUN-1001 : --------------------------------------------------------------
HDL-1007 : port 'doa' remains unconnected for this instance in ../../../rtl/Sobel_ctrl/sobel_linebuffer/hsyncfifo_2048x8.v(239)
HDL-1007 : port 'dib' remains unconnected for this instance in ../../../rtl/Sobel_ctrl/sobel_linebuffer/hsyncfifo_2048x8.v(239)
HDL-1007 : elaborate module hsyncfifo_2048x8 in ../../../rtl/Sobel_ctrl/sobel_linebuffer/hsyncfifo_2048x8.v(26)
HDL-1007 : elaborate module ram_infer_hsyncfifo_2048x8(DATAWIDTH_A=8,ADDRWIDTH_A=11,DATAWIDTH_B=8,ADDRWIDTH_B=11) in ../../../rtl/Sobel_ctrl/sobel_linebuffer/hsyncfifo_2048x8.v(270)
HDL-1007 : extracting RAM for identifier 'memory' in ../../../rtl/Sobel_ctrl/sobel_linebuffer/hsyncfifo_2048x8.v(335)
HDL-5007 WARNING: actual bit length 32 differs from formal bit length 1 for port 'cea' in ../../../rtl/Sobel_ctrl/sobel_linebuffer/hsyncfifo_2048x8.v(248)
HDL-5007 WARNING: actual bit length 32 differs from formal bit length 1 for port 'ocea' in ../../../rtl/Sobel_ctrl/sobel_linebuffer/hsyncfifo_2048x8.v(250)
HDL-5007 WARNING: actual bit length 32 differs from formal bit length 1 for port 'web' in ../../../rtl/Sobel_ctrl/sobel_linebuffer/hsyncfifo_2048x8.v(256)
HDL-5007 WARNING: input port 'dib[7]' is not connected on this instance in ../../../rtl/Sobel_ctrl/sobel_linebuffer/hsyncfifo_2048x8.v(246)
HDL-1200 : Current top model is hsyncfifo_2048x8
HDL-1100 : Inferred 1 RAMs.
RUN-1002 : start command "export_db Sobel_ctrl_elaborate.db"
RUN-1001 : Exported /
RUN-1001 : Exported flow parameters
RUN-1001 : Exported libs
RUN-1001 : Exported entities
RUN-1001 : Exported ports
RUN-1001 : Exported pins
RUN-1001 : Exported instances
RUN-1001 : Exported nets
RUN-1001 : Exported buses
RUN-1001 : Exported models
RUN-1001 : Exported congestions
RUN-1001 : Exported violations
RUN-1001 : Exported IO constraints
RUN-1001 : Exported Inst constraints
RUN-1002 : start command "read_adc"
USR-1002 : read_adc file_name -trans <string> -help
USR-6010 WARNING: ADC constraints: top model pin aempty has no constraint.
USR-6010 WARNING: ADC constraints: top model pin afull has no constraint.
USR-6010 WARNING: ADC constraints: top model pin clk has no constraint.
USR-6010 WARNING: ADC constraints: top model pin di[7] has no constraint.
USR-6010 WARNING: ADC constraints: top model pin di[6] has no constraint.
USR-6010 WARNING: ADC constraints: top model pin di[5] has no constraint.
USR-6010 WARNING: ADC constraints: top model pin di[4] has no constraint.
USR-6010 WARNING: ADC constraints: top model pin di[3] has no constraint.
USR-6010 WARNING: ADC constraints: top model pin di[2] has no constraint.
USR-6010 WARNING: ADC constraints: top model pin di[1] has no constraint.
USR-6010 Similar messages will be suppressed.
RUN-1002 : start command "optimize_rtl"
RUN-1001 : Open license file E:/Anlogic/TD5.6.2/license/Anlogic.lic
RUN-1001 : Print Global Property
RUN-1001 : ---------------------------------------------------------------
RUN-1001 :        Parameters        |  Settings  |  Default Values  |  Note  
RUN-1001 : ---------------------------------------------------------------
RUN-1001 :          message         |  standard  |     standard     |        
RUN-1001 :   mixed_pack_place_flow  |     on     |        on        |        
RUN-1001 :        qor_monitor       |    off     |       off        |        
RUN-1001 :        syn_ip_flow       |    off     |       off        |        
RUN-1001 :          thread          |    auto    |       auto       |        
RUN-1001 : ---------------------------------------------------------------
RUN-1001 : Print Rtl Property
RUN-1001 : --------------------------------------------------------------
RUN-1001 :        Parameters       |  Settings  |  Default Values  |  Note  
RUN-1001 : --------------------------------------------------------------
RUN-1001 :       compress_add      |   ripple   |      ripple      |        
RUN-1001 :        elf_sload        |    off     |       off        |        
RUN-1001 :       fix_undriven      |     0      |        0         |        
RUN-1001 :         flatten         |    off     |       off        |        
RUN-1001 :       gate_sharing      |     on     |        on        |        
RUN-1001 :    hdl_warning_level    |   normal   |      normal      |        
RUN-1001 :   impl_internal_tribuf  |     on     |        on        |        
RUN-1001 :      impl_set_reset     |     on     |        on        |        
RUN-1001 :        infer_gsr        |    off     |       off        |        
RUN-1001 :      keep_hierarchy     |    auto    |       auto       |        
RUN-1001 :        max_fanout       |    9999    |       9999       |        
RUN-1001 :      max_oh2bin_len     |     10     |        10        |        
RUN-1001 :       merge_equal       |     on     |        on        |        
RUN-1001 :       merge_equiv       |     on     |        on        |        
RUN-1001 :        merge_mux        |    off     |       off        |        
RUN-1001 :     min_control_set     |     8      |        8         |        
RUN-1001 :      min_ripple_len     |    auto    |       auto       |        
RUN-1001 :       oh2bin_ratio      |    0.08    |       0.08       |        
RUN-1001 :     opt_adder_fanout    |     on     |        on        |        
RUN-1001 :        opt_arith        |     on     |        on        |        
RUN-1001 :       opt_big_gate      |    off     |       off        |        
RUN-1001 :        opt_const        |     on     |        on        |        
RUN-1001 :      opt_const_mult     |     on     |        on        |        
RUN-1001 :       opt_lessthan      |     on     |        on        |        
RUN-1001 :         opt_mux         |    off     |       off        |        
RUN-1001 :         opt_ram         |    high    |       high       |        
RUN-1001 :      rtl_sim_model      |    off     |       off        |        
RUN-1001 :         seq_syn         |     on     |        on        |        
RUN-1001 : --------------------------------------------------------------
SYN-1012 : SanityCheck: Model "hsyncfifo_2048x8"
SYN-1012 : SanityCheck: Model "ram_infer_hsyncfifo_2048x8(DATAWIDTH_A=8,ADDRWIDTH_A=11,DATAWIDTH_B=8,ADDRWIDTH_B=11)"
SYN-1011 : Flatten model hsyncfifo_2048x8
SYN-1032 : 228/482 useful/useless nets, 88/38 useful/useless insts
SYN-1016 : Merged 2 instances.
SYN-1026 : Infer Logic BRAM(ram_inst/ramread0_syn_6)
	 port mode: single dual port
	 port a size: 2048 x 8	 write mode: NORMAL
	 port b size: 2048 x 8	 write mode: READBEFOREWRITE
SYN-1023 : Infer 0 Logic DRAMs, 1 Logic BRAMs.
SYN-1032 : 143/28 useful/useless nets, 26/2 useful/useless insts
SYN-1032 : 124/10 useful/useless nets, 65/10 useful/useless insts
SYN-1014 : Optimize round 1
SYN-1001 : Optimize 1 less-than instances
SYN-1015 : Optimize round 1, 14 better
SYN-1014 : Optimize round 2
SYN-1015 : Optimize round 2, 0 better
SYN-1014 : Optimize round 1
SYN-1015 : Optimize round 1, 0 better
RUN-1002 : start command "report_area -file Sobel_ctrl_rtl.area"
RUN-1001 : standard
***Report Model: hsyncfifo_2048x8 Device: EG4D20EG176***

IO Statistics
#IO                        47
  #input                   12
  #output                  35
  #inout                    0

Gate Statistics
#Basic gates               41
  #and                      2
  #nand                     0
  #or                       0
  #nor                      0
  #xor                      0
  #xnor                     0
  #buf                      0
  #not                      2
  #bufif1                   0
  #MX21                     0
  #FADD                     0
  #DFF                     37
  #LATCH                    0
#MACRO_ADD                  8
#MACRO_EQ                   1
#MACRO_OTHERS               1

Report Hierarchy Area:
+---------------------------------------------------------------+
|Instance   |Module                     |gates  |seq    |macros |
+---------------------------------------------------------------+
|top        |hsyncfifo_2048x8           |4      |37     |10     |
|  ram_inst |ram_infer_hsyncfifo_2048x8 |0      |0      |1      |
+---------------------------------------------------------------+

RUN-1002 : start command "export_db Sobel_ctrl_rtl.db"
RUN-1001 : Exported /
RUN-1001 : Exported flow parameters
RUN-1001 : Exported libs
RUN-1001 : Exported entities
RUN-1001 : Exported ports
RUN-1001 : Exported pins
RUN-1001 : Exported instances
RUN-1001 : Exported nets
RUN-1001 : Exported buses
RUN-1001 : Exported models
RUN-1001 : Exported congestions
RUN-1001 : Exported violations
RUN-1001 : Exported IO constraints
RUN-1001 : Exported Inst constraints
RUN-1002 : start command "optimize_gate -maparea Sobel_ctrl_gate.area"
RUN-1001 : Open license file E:/Anlogic/TD5.6.2/license/Anlogic.lic
RUN-1001 : Print Global Property
RUN-1001 : ---------------------------------------------------------------
RUN-1001 :        Parameters        |  Settings  |  Default Values  |  Note  
RUN-1001 : ---------------------------------------------------------------
RUN-1001 :          message         |  standard  |     standard     |        
RUN-1001 :   mixed_pack_place_flow  |     on     |        on        |        
RUN-1001 :        qor_monitor       |    off     |       off        |        
RUN-1001 :        syn_ip_flow       |    off     |       off        |        
RUN-1001 :          thread          |    auto    |       auto       |        
RUN-1001 : ---------------------------------------------------------------
RUN-1001 : Print Gate Property
RUN-1001 : ------------------------------------------------------------------
RUN-1001 :          Parameters         |  Settings  |  Default Values  |  Note  
RUN-1001 : ------------------------------------------------------------------
RUN-1001 :         cascade_dsp         |    off     |       off        |        
RUN-1001 :         cascade_eram        |    off     |       off        |        
RUN-1001 :        gate_sim_model       |    off     |       off        |        
RUN-1001 :        map_sim_model        |    off     |       off        |        
RUN-1001 :         map_strategy        |     1      |        1         |        
RUN-1001 :           opt_area          |   medium   |      medium      |        
RUN-1001 :          opt_timing         |    auto    |       auto       |        
RUN-1001 :         pack_effort         |   medium   |      medium      |        
RUN-1001 :      pack_lslice_ripple     |     on     |        on        |        
RUN-1001 :   pack_lslice_ripple_ratio  |    0.5     |       0.5        |        
RUN-1001 :        pack_seq_in_io       |    auto    |       auto       |        
RUN-1001 :        ph1_mux_ratio        |    1.0     |       1.0        |        
RUN-1001 :            report           |  standard  |     standard     |        
RUN-1001 :           retiming          |    off     |       off        |        
RUN-1001 : ------------------------------------------------------------------
SYN-2001 : Map 47 IOs to PADs
SYN-1032 : 158/1 useful/useless nets, 99/1 useful/useless insts
RUN-1002 : start command "update_pll_param -module hsyncfifo_2048x8"
SYN-2501 : Processed 0 LOGIC_BUF instances.
SYN-2595 : bram inst: ram_inst/ramread0_syn_6 is set to PDPW/SP from DP for resource saving
SYN-2512 : LOGIC BRAM "ram_inst/ramread0_syn_8"
SYN-2571 : Optimize after map_dsp, round 1
SYN-2571 : Optimize after map_dsp, round 1, 0 better
SYN-1001 : Throwback 1 control mux instances
SYN-2501 : Optimize round 1
SYN-2501 : Optimize round 1, 11 better
SYN-2501 : Optimize round 2
SYN-2501 : Optimize round 2, 0 better
SYN-2501 : Map 8 macro adder
SYN-1016 : Merged 5 instances.
SYN-1032 : 248/1 useful/useless nets, 191/0 useful/useless insts
SYN-3001 : Running gate level optimization.
SYN-2581 : Mapping with K=5, #lut = 7 (3.00), #lev = 3 (1.57)
SYN-2551 : Post LUT mapping optimization.
SYN-2581 : Mapping with K=5, #lut = 7 (3.57), #lev = 2 (1.29)
SYN-3001 : Logic optimization runtime opt =   0.00 sec, map =   0.00 sec
SYN-3001 : Mapper mapped 17 instances into 8 LUTs, name keeping = 62%.
RUN-1002 : start command "report_area -file Sobel_ctrl_gate.area"
RUN-1001 : standard
***Report Model: hsyncfifo_2048x8 Device: EG4D20EG176***

IO Statistics
#IO                        47
  #input                   12
  #output                  35
  #inout                    0

LUT Statistics
#Total_luts                94
  #lut4                     6
  #lut5                     2
  #lut6                     0
  #lut5_mx41                0
  #lut4_alu1b              86

Utilization Statistics
#lut                       94   out of  19600    0.48%
#reg                       36   out of  19600    0.18%
#le                         0
#dsp                        0   out of     29    0.00%
#bram                       2   out of     64    3.12%
  #bram9k                   2
  #fifo9k                   0
#bram32k                    0   out of     16    0.00%
#pad                       47   out of    130   36.15%
  #ireg                     0
  #oreg                     2
  #treg                     0
#pll                        0   out of      4    0.00%

Report Hierarchy Area:
+------------------------------------------------------------------------------------+
|Instance   |Module                     |lut     |ripple  |seq     |bram    |dsp     |
+------------------------------------------------------------------------------------+
|top        |hsyncfifo_2048x8           |8       |86      |38      |2       |0       |
|  ram_inst |ram_infer_hsyncfifo_2048x8 |0       |0       |0       |2       |0       |
+------------------------------------------------------------------------------------+

SYN-1001 : Packing model "hsyncfifo_2048x8" ...
SYN-4010 : Pack lib has 58 rtl pack models with 25 top pack blocks
SYN-1014 : Optimize round 1
SYN-1015 : Optimize round 1, 0 better
SYN-4002 : Packing 36 DFF/LATCH to SEQ ...
SYN-4009 : Pack 4 carry chain into lslice
SYN-4007 : Packing 38 adder to BLE ...
SYN-4008 : Packed 38 adder and 1 SEQ to BLE.
SYN-4007 : Packing 0 gate4 to BLE ...
SYN-4008 : Packed 0 gate4 and 0 SEQ to BLE.
SYN-4012 : Packed 0 FxMUX
RUN-1002 : start command "legalize_phy_inst"
SYN-1011 : Flatten model hsyncfifo_2048x8
RUN-1002 : start command "export_db Sobel_ctrl_gate.db"
RUN-1001 : Exported /
RUN-1001 : Exported flow parameters
RUN-1001 : Exported libs
RUN-1001 : Exported entities
RUN-1001 : Exported ports
RUN-1001 : Exported pins
RUN-1001 : Exported instances
RUN-1001 : Exported nets
RUN-1001 : Exported buses
RUN-1001 : Exported models
RUN-1001 : Exported congestions
RUN-1001 : Exported violations
RUN-1001 : Exported IO constraints
RUN-1001 : Exported Inst constraints
RUN-1002 : start command "backup_run_log run.log ../.logs/syn_1/td_20240711_225355.log"
